[2022-07-08 07:02:55] local.ERROR: The "--force" option does not exist. {"exception":"[object] (Symfony\\Component\\Console\\Exception\\RuntimeException(code: 0): The \"--force\" option does not exist. at /var/www/html/Laravel58Coders/vendor/symfony/console/Input/ArgvInput.php:201)
[stacktrace]
#0 /var/www/html/Laravel58Coders/vendor/symfony/console/Input/ArgvInput.php(145): Symfony\\Component\\Console\\Input\\ArgvInput->addLongOption()
#1 /var/www/html/Laravel58Coders/vendor/symfony/console/Input/ArgvInput.php(79): Symfony\\Component\\Console\\Input\\ArgvInput->parseLongOption()
#2 /var/www/html/Laravel58Coders/vendor/symfony/console/Input/Input.php(55): Symfony\\Component\\Console\\Input\\ArgvInput->parse()
#3 /var/www/html/Laravel58Coders/vendor/symfony/console/Command/Command.php(214): Symfony\\Component\\Console\\Input\\Input->bind()
#4 /var/www/html/Laravel58Coders/vendor/laravel/framework/src/Illuminate/Console/Command.php(170): Symfony\\Component\\Console\\Command\\Command->run()
#5 /var/www/html/Laravel58Coders/vendor/symfony/console/Application.php(1009): Illuminate\\Console\\Command->run()
#6 /var/www/html/Laravel58Coders/vendor/symfony/console/Application.php(273): Symfony\\Component\\Console\\Application->doRunCommand()
#7 /var/www/html/Laravel58Coders/vendor/symfony/console/Application.php(149): Symfony\\Component\\Console\\Application->doRun()
#8 /var/www/html/Laravel58Coders/vendor/laravel/framework/src/Illuminate/Console/Application.php(90): Symfony\\Component\\Console\\Application->run()
#9 /var/www/html/Laravel58Coders/vendor/laravel/framework/src/Illuminate/Foundation/Console/Kernel.php(133): Illuminate\\Console\\Application->run()
#10 /var/www/html/Laravel58Coders/artisan(37): Illuminate\\Foundation\\Console\\Kernel->handle()
#11 {main}
"} 
[2022-07-08 07:03:01] local.ERROR: Unable to prepare route [api/user] for serialization. Uses Closure. {"exception":"[object] (LogicException(code: 0): Unable to prepare route [api/user] for serialization. Uses Closure. at /var/www/html/Laravel58Coders/vendor/laravel/framework/src/Illuminate/Routing/Route.php:917)
[stacktrace]
#0 /var/www/html/Laravel58Coders/vendor/laravel/framework/src/Illuminate/Foundation/Console/RouteCacheCommand.php(62): Illuminate\\Routing\\Route->prepareForSerialization()
#1 [internal function]: Illuminate\\Foundation\\Console\\RouteCacheCommand->handle()
#2 /var/www/html/Laravel58Coders/vendor/laravel/framework/src/Illuminate/Container/BoundMethod.php(32): call_user_func_array()
#3 /var/www/html/Laravel58Coders/vendor/laravel/framework/src/Illuminate/Container/BoundMethod.php(90): Illuminate\\Container\\BoundMethod::Illuminate\\Container\\{closure}()
#4 /var/www/html/Laravel58Coders/vendor/laravel/framework/src/Illuminate/Container/BoundMethod.php(34): Illuminate\\Container\\BoundMethod::callBoundMethod()
#5 /var/www/html/Laravel58Coders/vendor/laravel/framework/src/Illuminate/Container/Container.php(576): Illuminate\\Container\\BoundMethod::call()
#6 /var/www/html/Laravel58Coders/vendor/laravel/framework/src/Illuminate/Console/Command.php(183): Illuminate\\Container\\Container->call()
#7 /var/www/html/Laravel58Coders/vendor/symfony/console/Command/Command.php(255): Illuminate\\Console\\Command->execute()
#8 /var/www/html/Laravel58Coders/vendor/laravel/framework/src/Illuminate/Console/Command.php(170): Symfony\\Component\\Console\\Command\\Command->run()
#9 /var/www/html/Laravel58Coders/vendor/laravel/framework/src/Illuminate/Console/Command.php(198): Illuminate\\Console\\Command->run()
#10 /var/www/html/Laravel58Coders/vendor/laravel/framework/src/Illuminate/Foundation/Console/OptimizeCommand.php(31): Illuminate\\Console\\Command->call()
#11 [internal function]: Illuminate\\Foundation\\Console\\OptimizeCommand->handle()
#12 /var/www/html/Laravel58Coders/vendor/laravel/framework/src/Illuminate/Container/BoundMethod.php(32): call_user_func_array()
#13 /var/www/html/Laravel58Coders/vendor/laravel/framework/src/Illuminate/Container/BoundMethod.php(90): Illuminate\\Container\\BoundMethod::Illuminate\\Container\\{closure}()
#14 /var/www/html/Laravel58Coders/vendor/laravel/framework/src/Illuminate/Container/BoundMethod.php(34): Illuminate\\Container\\BoundMethod::callBoundMethod()
#15 /var/www/html/Laravel58Coders/vendor/laravel/framework/src/Illuminate/Container/Container.php(576): Illuminate\\Container\\BoundMethod::call()
#16 /var/www/html/Laravel58Coders/vendor/laravel/framework/src/Illuminate/Console/Command.php(183): Illuminate\\Container\\Container->call()
#17 /var/www/html/Laravel58Coders/vendor/symfony/console/Command/Command.php(255): Illuminate\\Console\\Command->execute()
#18 /var/www/html/Laravel58Coders/vendor/laravel/framework/src/Illuminate/Console/Command.php(170): Symfony\\Component\\Console\\Command\\Command->run()
#19 /var/www/html/Laravel58Coders/vendor/symfony/console/Application.php(1009): Illuminate\\Console\\Command->run()
#20 /var/www/html/Laravel58Coders/vendor/symfony/console/Application.php(273): Symfony\\Component\\Console\\Application->doRunCommand()
#21 /var/www/html/Laravel58Coders/vendor/symfony/console/Application.php(149): Symfony\\Component\\Console\\Application->doRun()
#22 /var/www/html/Laravel58Coders/vendor/laravel/framework/src/Illuminate/Console/Application.php(90): Symfony\\Component\\Console\\Application->run()
#23 /var/www/html/Laravel58Coders/vendor/laravel/framework/src/Illuminate/Foundation/Console/Kernel.php(133): Illuminate\\Console\\Application->run()
#24 /var/www/html/Laravel58Coders/artisan(37): Illuminate\\Foundation\\Console\\Kernel->handle()
#25 {main}
"} 
